/root/mugen-ubuntu-riscv/libs/locallibs/common_lib.sh: line 86: rpm: command not found
/root/mugen-ubuntu-riscv/libs/locallibs/common_lib.sh: line 87: dnf: command not found
Thu Feb  9 19:54:40 2023 - INFO  - Start to prepare the test environment.
oe_test_server_openssh_secure.sh: line 24: [1: command not found
Traceback (most recent call last):
  File "/root/mugen-ubuntu-riscv/libs/locallibs/apt_manage.py", line 12, in <module>
    import ssh_cmd
  File "/root/mugen-ubuntu-riscv/libs/locallibs/ssh_cmd.py", line 23, in <module>
    import paramiko
ModuleNotFoundError: No module named 'paramiko'
oe_test_server_openssh_secure.sh: line 30: [1: command not found
Traceback (most recent call last):
  File "/root/mugen-ubuntu-riscv/libs/locallibs/apt_manage.py", line 12, in <module>
    import ssh_cmd
  File "/root/mugen-ubuntu-riscv/libs/locallibs/ssh_cmd.py", line 23, in <module>
    import paramiko
ModuleNotFoundError: No module named 'paramiko'
Failed to start firewalld.service: Unit firewalld.service not found.
Thu Feb  9 19:54:46 2023 - INFO  - End to prepare the test environment.
Thu Feb  9 19:54:47 2023 - INFO  - Start to run test.
Unit sshd-keygen@rsa.service does not exist, proceeding anyway.
Created symlink /etc/systemd/system/sshd-keygen@rsa.service â†’ /dev/null.
oe_test_server_openssh_secure.sh: line 53: firewall-cmd: command not found
Thu Feb  9 19:54:53 2023 - ERROR - oe_test_server_openssh_secure.sh line 54
oe_test_server_openssh_secure.sh: line 55: firewall-cmd: command not found
Thu Feb  9 19:54:54 2023 - ERROR - oe_test_server_openssh_secure.sh line 56
oe_test_server_openssh_secure.sh: line 59: update-crypto-policies: command not found
Thu Feb  9 19:54:54 2023 - ERROR - oe_test_server_openssh_secure.sh line 60
Thu Feb  9 19:54:55 2023 - INFO  - End to run test.
Thu Feb  9 19:54:55 2023 - ERROR - failed to execute the case.
Thu Feb  9 19:54:56 2023 - INFO  - Start to restore the test environment.
Failed to enable unit: Refusing to operate on alias name or linked unit file: sshd.service
Thu Feb  9 19:54:58 2023 - INFO  - End to restore the test environment.
